#! /usr/local/Cellar/icarus-verilog/11.0/bin/vvp
:ivl_version "11.0 (stable)";
:ivl_delay_selection "TYPICAL";
:vpi_time_precision + 0;
:vpi_module "/usr/local/Cellar/icarus-verilog/11.0/lib/ivl/system.vpi";
:vpi_module "/usr/local/Cellar/icarus-verilog/11.0/lib/ivl/vhdl_sys.vpi";
:vpi_module "/usr/local/Cellar/icarus-verilog/11.0/lib/ivl/vhdl_textio.vpi";
:vpi_module "/usr/local/Cellar/icarus-verilog/11.0/lib/ivl/v2005_math.vpi";
:vpi_module "/usr/local/Cellar/icarus-verilog/11.0/lib/ivl/va_math.vpi";
S_0x7f8abdd1e7f0 .scope module, "fsm_tb" "fsm_tb" 2 1;
 .timescale 0 0;
v0x7f8abde01de0_0 .var "clk", 0 0;
v0x7f8abde01ea0_0 .var "clr", 0 0;
v0x7f8abde01f30_0 .var "en", 0 0;
v0x7f8abde02000_0 .var/i "i", 31 0;
v0x7f8abde02090_0 .net "result", 2 0, v0x7f8abde01c70_0;  1 drivers
S_0x7f8abdd22df0 .scope module, "uut" "fsm" 2 9, 2 34 0, S_0x7f8abdd1e7f0;
 .timescale 0 0;
    .port_info 0 /INPUT 1 "clk";
    .port_info 1 /INPUT 1 "en";
    .port_info 2 /INPUT 1 "clr";
    .port_info 3 /OUTPUT 3 "result";
L_0x7f8abde02160 .functor AND 1, v0x7f8abde01de0_0, v0x7f8abde01f30_0, C4<1>, C4<1>;
L_0x7f8abde02330 .functor OR 1, v0x7f8abde01ea0_0, L_0x7f8abde02250, C4<0>, C4<0>;
v0x7f8abde01640_0 .net *"_ivl_3", 0 0, L_0x7f8abde02250;  1 drivers
v0x7f8abde01700_0 .net "c", 0 0, L_0x7f8abde02160;  1 drivers
v0x7f8abde017c0_0 .net "clk", 0 0, v0x7f8abde01de0_0;  1 drivers
v0x7f8abde01870_0 .net "clr", 0 0, v0x7f8abde01ea0_0;  1 drivers
v0x7f8abde01900_0 .net "en", 0 0, v0x7f8abde01f30_0;  1 drivers
v0x7f8abde019d0_0 .net "f", 7 0, L_0x7f8abde04e90;  1 drivers
v0x7f8abde01a90_0 .net "q", 2 0, L_0x7f8abde054e0;  1 drivers
v0x7f8abde01b60_0 .net "r", 0 0, L_0x7f8abde02330;  1 drivers
v0x7f8abde01c70_0 .var "result", 2 0;
E_0x7f8abdd131f0 .event posedge, v0x7f8abdd36da0_0;
E_0x7f8abdd134e0 .event edge, v0x7f8abde01870_0;
L_0x7f8abde02250 .part L_0x7f8abde04e90, 6, 1;
S_0x7f8abdd1f470 .scope module, "count" "dfCounter3" 2 49, 2 72 0, S_0x7f8abdd22df0;
 .timescale 0 0;
    .port_info 0 /INPUT 1 "clk";
    .port_info 1 /INPUT 1 "clr";
    .port_info 2 /INPUT 1 "en";
    .port_info 3 /OUTPUT 3 "q";
L_0x7f8abde04fb0 .functor NOT 3, L_0x7f8abde054e0, C4<000>, C4<000>, C4<000>;
L_0x7f8abde05020 .functor AND 1, L_0x7f8abde02160, v0x7f8abde01f30_0, C4<1>, C4<1>;
v0x7f8abdd36d00_0 .net "c", 0 0, L_0x7f8abde05020;  1 drivers
v0x7f8abdd36da0_0 .net "clk", 0 0, L_0x7f8abde02160;  alias, 1 drivers
v0x7f8abdd36e30_0 .net "clr", 0 0, L_0x7f8abde02330;  alias, 1 drivers
v0x7f8abdd36ee0_0 .net "en", 0 0, v0x7f8abde01f30_0;  alias, 1 drivers
v0x7f8abdd36f70_0 .net "q", 2 0, L_0x7f8abde054e0;  alias, 1 drivers
v0x7f8abdd37060_0 .net "qn", 2 0, L_0x7f8abde04fb0;  1 drivers
L_0x7f8abde05110 .part L_0x7f8abde04fb0, 0, 1;
L_0x7f8abde051b0 .part L_0x7f8abde04fb0, 1, 1;
L_0x7f8abde05250 .part L_0x7f8abde04fb0, 0, 1;
L_0x7f8abde05370 .part L_0x7f8abde04fb0, 2, 1;
L_0x7f8abde05410 .part L_0x7f8abde04fb0, 1, 1;
L_0x7f8abde054e0 .concat8 [ 1 1 1 0], v0x7f8abdd35fb0_0, v0x7f8abdd36520_0, v0x7f8abdd36aa0_0;
S_0x7f8abdd26e70 .scope module, "df0" "asyncDFlop" 2 84, 2 94 0, S_0x7f8abdd1f470;
 .timescale 0 0;
    .port_info 0 /INPUT 1 "D";
    .port_info 1 /INPUT 1 "clk";
    .port_info 2 /INPUT 1 "r";
    .port_info 3 /OUTPUT 1 "Q";
v0x7f8abdd15d50_0 .net "D", 0 0, L_0x7f8abde05110;  1 drivers
v0x7f8abdd35fb0_0 .var "Q", 0 0;
v0x7f8abdd36050_0 .net "clk", 0 0, L_0x7f8abde05020;  alias, 1 drivers
v0x7f8abdd36100_0 .net "r", 0 0, L_0x7f8abde02330;  alias, 1 drivers
E_0x7f8abdd140d0 .event posedge, v0x7f8abdd36100_0, v0x7f8abdd36050_0;
S_0x7f8abdd36200 .scope module, "df1" "asyncDFlop" 2 86, 2 94 0, S_0x7f8abdd1f470;
 .timescale 0 0;
    .port_info 0 /INPUT 1 "D";
    .port_info 1 /INPUT 1 "clk";
    .port_info 2 /INPUT 1 "r";
    .port_info 3 /OUTPUT 1 "Q";
v0x7f8abdd36470_0 .net "D", 0 0, L_0x7f8abde051b0;  1 drivers
v0x7f8abdd36520_0 .var "Q", 0 0;
v0x7f8abdd365c0_0 .net "clk", 0 0, L_0x7f8abde05250;  1 drivers
v0x7f8abdd36670_0 .net "r", 0 0, L_0x7f8abde02330;  alias, 1 drivers
E_0x7f8abdd36430 .event posedge, v0x7f8abdd36100_0, v0x7f8abdd365c0_0;
S_0x7f8abdd36770 .scope module, "df2" "asyncDFlop" 2 88, 2 94 0, S_0x7f8abdd1f470;
 .timescale 0 0;
    .port_info 0 /INPUT 1 "D";
    .port_info 1 /INPUT 1 "clk";
    .port_info 2 /INPUT 1 "r";
    .port_info 3 /OUTPUT 1 "Q";
v0x7f8abdd369f0_0 .net "D", 0 0, L_0x7f8abde05370;  1 drivers
v0x7f8abdd36aa0_0 .var "Q", 0 0;
v0x7f8abdd36b40_0 .net "clk", 0 0, L_0x7f8abde05410;  1 drivers
v0x7f8abdd36bf0_0 .net "r", 0 0, L_0x7f8abde02330;  alias, 1 drivers
E_0x7f8abdd369b0 .event posedge, v0x7f8abdd36100_0, v0x7f8abdd36b40_0;
S_0x7f8abdd37150 .scope module, "dec" "EightWayDecoder" 2 47, 2 110 0, S_0x7f8abdd22df0;
 .timescale 0 0;
    .port_info 0 /INPUT 1 "A";
    .port_info 1 /INPUT 3 "S";
    .port_info 2 /OUTPUT 8 "F";
L_0x106806008 .functor BUFT 1, C4<1>, C4<0>, C4<0>, C4<0>;
v0x7f8abde01330_0 .net "A", 0 0, L_0x106806008;  1 drivers
v0x7f8abde013d0_0 .net "B", 1 0, L_0x7f8abde025c0;  1 drivers
v0x7f8abde01480_0 .net "F", 7 0, L_0x7f8abde04e90;  alias, 1 drivers
v0x7f8abde01530_0 .net "S", 2 0, L_0x7f8abde054e0;  alias, 1 drivers
L_0x7f8abde027d0 .part L_0x7f8abde054e0, 2, 1;
L_0x7f8abde03960 .part L_0x7f8abde025c0, 0, 1;
L_0x7f8abde03a80 .part L_0x7f8abde054e0, 0, 2;
L_0x7f8abde04bd0 .part L_0x7f8abde025c0, 1, 1;
L_0x7f8abde04d70 .part L_0x7f8abde054e0, 0, 2;
L_0x7f8abde04e90 .concat8 [ 4 4 0 0], L_0x7f8abde03840, L_0x7f8abde04ab0;
S_0x7f8abdd37370 .scope module, "himux" "FourWayDecoder" 2 123, 2 128 0, S_0x7f8abdd37150;
 .timescale 0 0;
    .port_info 0 /INPUT 1 "A";
    .port_info 1 /INPUT 2 "S";
    .port_info 2 /OUTPUT 4 "F";
v0x7f8abdd38990_0 .net "A", 0 0, L_0x7f8abde03960;  1 drivers
v0x7f8abdd38a30_0 .net "B", 1 0, L_0x7f8abde02a10;  1 drivers
v0x7f8abdd38ae0_0 .net "F", 3 0, L_0x7f8abde03840;  1 drivers
v0x7f8abdd38b90_0 .net "S", 1 0, L_0x7f8abde03a80;  1 drivers
L_0x7f8abde02c40 .part L_0x7f8abde03a80, 1, 1;
L_0x7f8abde03120 .part L_0x7f8abde02a10, 0, 1;
L_0x7f8abde031c0 .part L_0x7f8abde03a80, 0, 1;
L_0x7f8abde03680 .part L_0x7f8abde02a10, 1, 1;
L_0x7f8abde037a0 .part L_0x7f8abde03a80, 0, 1;
L_0x7f8abde03840 .concat8 [ 2 2 0 0], L_0x7f8abde02ec0, L_0x7f8abde03420;
S_0x7f8abdd375a0 .scope module, "himux" "TwoWayDecoder" 2 141, 2 146 0, S_0x7f8abdd37370;
 .timescale 0 0;
    .port_info 0 /INPUT 1 "A";
    .port_info 1 /INPUT 1 "S";
    .port_info 2 /OUTPUT 2 "F";
L_0x7f8abde02ce0 .functor NOT 1, L_0x7f8abde031c0, C4<0>, C4<0>, C4<0>;
L_0x7f8abde02db0 .functor AND 1, L_0x7f8abde03120, L_0x7f8abde02ce0, C4<1>, C4<1>;
L_0x7f8abde02fd0 .functor AND 1, L_0x7f8abde03120, L_0x7f8abde031c0, C4<1>, C4<1>;
v0x7f8abdd377e0_0 .net "A", 0 0, L_0x7f8abde03120;  1 drivers
v0x7f8abdd37890_0 .net "F", 1 0, L_0x7f8abde02ec0;  1 drivers
v0x7f8abdd37940_0 .net "S", 0 0, L_0x7f8abde031c0;  1 drivers
v0x7f8abdd379f0_0 .net "Sn", 0 0, L_0x7f8abde02ce0;  1 drivers
v0x7f8abdd37a90_0 .net *"_ivl_2", 0 0, L_0x7f8abde02db0;  1 drivers
v0x7f8abdd37b80_0 .net *"_ivl_5", 0 0, L_0x7f8abde02fd0;  1 drivers
L_0x7f8abde02ec0 .concat8 [ 1 1 0 0], L_0x7f8abde02db0, L_0x7f8abde02fd0;
S_0x7f8abdd37c60 .scope module, "lomux" "TwoWayDecoder" 2 142, 2 146 0, S_0x7f8abdd37370;
 .timescale 0 0;
    .port_info 0 /INPUT 1 "A";
    .port_info 1 /INPUT 1 "S";
    .port_info 2 /OUTPUT 2 "F";
L_0x7f8abde03260 .functor NOT 1, L_0x7f8abde037a0, C4<0>, C4<0>, C4<0>;
L_0x7f8abde03310 .functor AND 1, L_0x7f8abde03680, L_0x7f8abde03260, C4<1>, C4<1>;
L_0x7f8abde03530 .functor AND 1, L_0x7f8abde03680, L_0x7f8abde037a0, C4<1>, C4<1>;
v0x7f8abdd37e80_0 .net "A", 0 0, L_0x7f8abde03680;  1 drivers
v0x7f8abdd37f20_0 .net "F", 1 0, L_0x7f8abde03420;  1 drivers
v0x7f8abdd37fd0_0 .net "S", 0 0, L_0x7f8abde037a0;  1 drivers
v0x7f8abdd38080_0 .net "Sn", 0 0, L_0x7f8abde03260;  1 drivers
v0x7f8abdd38120_0 .net *"_ivl_2", 0 0, L_0x7f8abde03310;  1 drivers
v0x7f8abdd38210_0 .net *"_ivl_5", 0 0, L_0x7f8abde03530;  1 drivers
L_0x7f8abde03420 .concat8 [ 1 1 0 0], L_0x7f8abde03310, L_0x7f8abde03530;
S_0x7f8abdd382f0 .scope module, "premux" "TwoWayDecoder" 2 139, 2 146 0, S_0x7f8abdd37370;
 .timescale 0 0;
    .port_info 0 /INPUT 1 "A";
    .port_info 1 /INPUT 1 "S";
    .port_info 2 /OUTPUT 2 "F";
L_0x7f8abde02870 .functor NOT 1, L_0x7f8abde02c40, C4<0>, C4<0>, C4<0>;
L_0x7f8abde028e0 .functor AND 1, L_0x7f8abde03960, L_0x7f8abde02870, C4<1>, C4<1>;
L_0x7f8abde02b30 .functor AND 1, L_0x7f8abde03960, L_0x7f8abde02c40, C4<1>, C4<1>;
v0x7f8abdd38520_0 .net "A", 0 0, L_0x7f8abde03960;  alias, 1 drivers
v0x7f8abdd385c0_0 .net "F", 1 0, L_0x7f8abde02a10;  alias, 1 drivers
v0x7f8abdd38670_0 .net "S", 0 0, L_0x7f8abde02c40;  1 drivers
v0x7f8abdd38720_0 .net "Sn", 0 0, L_0x7f8abde02870;  1 drivers
v0x7f8abdd387c0_0 .net *"_ivl_2", 0 0, L_0x7f8abde028e0;  1 drivers
v0x7f8abdd388b0_0 .net *"_ivl_5", 0 0, L_0x7f8abde02b30;  1 drivers
L_0x7f8abde02a10 .concat8 [ 1 1 0 0], L_0x7f8abde028e0, L_0x7f8abde02b30;
S_0x7f8abdd38c90 .scope module, "lomux" "FourWayDecoder" 2 124, 2 128 0, S_0x7f8abdd37150;
 .timescale 0 0;
    .port_info 0 /INPUT 1 "A";
    .port_info 1 /INPUT 2 "S";
    .port_info 2 /OUTPUT 4 "F";
v0x7f8abde00960_0 .net "A", 0 0, L_0x7f8abde04bd0;  1 drivers
v0x7f8abde00a00_0 .net "B", 1 0, L_0x7f8abde03d00;  1 drivers
v0x7f8abde00ab0_0 .net "F", 3 0, L_0x7f8abde04ab0;  1 drivers
v0x7f8abde00b60_0 .net "S", 1 0, L_0x7f8abde04d70;  1 drivers
L_0x7f8abde03f10 .part L_0x7f8abde04d70, 1, 1;
L_0x7f8abde043a0 .part L_0x7f8abde03d00, 0, 1;
L_0x7f8abde04440 .part L_0x7f8abde04d70, 0, 1;
L_0x7f8abde048f0 .part L_0x7f8abde03d00, 1, 1;
L_0x7f8abde04a10 .part L_0x7f8abde04d70, 0, 1;
L_0x7f8abde04ab0 .concat8 [ 2 2 0 0], L_0x7f8abde04150, L_0x7f8abde046a0;
S_0x7f8abdd38eb0 .scope module, "himux" "TwoWayDecoder" 2 141, 2 146 0, S_0x7f8abdd38c90;
 .timescale 0 0;
    .port_info 0 /INPUT 1 "A";
    .port_info 1 /INPUT 1 "S";
    .port_info 2 /OUTPUT 2 "F";
L_0x7f8abde03fb0 .functor NOT 1, L_0x7f8abde04440, C4<0>, C4<0>, C4<0>;
L_0x7f8abde04040 .functor AND 1, L_0x7f8abde043a0, L_0x7f8abde03fb0, C4<1>, C4<1>;
L_0x7f8abde04250 .functor AND 1, L_0x7f8abde043a0, L_0x7f8abde04440, C4<1>, C4<1>;
v0x7f8abdd390e0_0 .net "A", 0 0, L_0x7f8abde043a0;  1 drivers
v0x7f8abdd39190_0 .net "F", 1 0, L_0x7f8abde04150;  1 drivers
v0x7f8abdd39240_0 .net "S", 0 0, L_0x7f8abde04440;  1 drivers
v0x7f8abdd392f0_0 .net "Sn", 0 0, L_0x7f8abde03fb0;  1 drivers
v0x7f8abdd39390_0 .net *"_ivl_2", 0 0, L_0x7f8abde04040;  1 drivers
v0x7f8abdd39480_0 .net *"_ivl_5", 0 0, L_0x7f8abde04250;  1 drivers
L_0x7f8abde04150 .concat8 [ 1 1 0 0], L_0x7f8abde04040, L_0x7f8abde04250;
S_0x7f8abdd39560 .scope module, "lomux" "TwoWayDecoder" 2 142, 2 146 0, S_0x7f8abdd38c90;
 .timescale 0 0;
    .port_info 0 /INPUT 1 "A";
    .port_info 1 /INPUT 1 "S";
    .port_info 2 /OUTPUT 2 "F";
L_0x7f8abde044e0 .functor NOT 1, L_0x7f8abde04a10, C4<0>, C4<0>, C4<0>;
L_0x7f8abde04590 .functor AND 1, L_0x7f8abde048f0, L_0x7f8abde044e0, C4<1>, C4<1>;
L_0x7f8abde047a0 .functor AND 1, L_0x7f8abde048f0, L_0x7f8abde04a10, C4<1>, C4<1>;
v0x7f8abdd39780_0 .net "A", 0 0, L_0x7f8abde048f0;  1 drivers
v0x7f8abdd39820_0 .net "F", 1 0, L_0x7f8abde046a0;  1 drivers
v0x7f8abdd398d0_0 .net "S", 0 0, L_0x7f8abde04a10;  1 drivers
v0x7f8abde00000_0 .net "Sn", 0 0, L_0x7f8abde044e0;  1 drivers
v0x7f8abde000a0_0 .net *"_ivl_2", 0 0, L_0x7f8abde04590;  1 drivers
v0x7f8abde00190_0 .net *"_ivl_5", 0 0, L_0x7f8abde047a0;  1 drivers
L_0x7f8abde046a0 .concat8 [ 1 1 0 0], L_0x7f8abde04590, L_0x7f8abde047a0;
S_0x7f8abde00290 .scope module, "premux" "TwoWayDecoder" 2 139, 2 146 0, S_0x7f8abdd38c90;
 .timescale 0 0;
    .port_info 0 /INPUT 1 "A";
    .port_info 1 /INPUT 1 "S";
    .port_info 2 /OUTPUT 2 "F";
L_0x7f8abde03c20 .functor NOT 1, L_0x7f8abde03f10, C4<0>, C4<0>, C4<0>;
L_0x7f8abde03c90 .functor AND 1, L_0x7f8abde04bd0, L_0x7f8abde03c20, C4<1>, C4<1>;
L_0x7f8abde03e20 .functor AND 1, L_0x7f8abde04bd0, L_0x7f8abde03f10, C4<1>, C4<1>;
v0x7f8abde004e0_0 .net "A", 0 0, L_0x7f8abde04bd0;  alias, 1 drivers
v0x7f8abde00590_0 .net "F", 1 0, L_0x7f8abde03d00;  alias, 1 drivers
v0x7f8abde00640_0 .net "S", 0 0, L_0x7f8abde03f10;  1 drivers
v0x7f8abde006f0_0 .net "Sn", 0 0, L_0x7f8abde03c20;  1 drivers
v0x7f8abde00790_0 .net *"_ivl_2", 0 0, L_0x7f8abde03c90;  1 drivers
v0x7f8abde00880_0 .net *"_ivl_5", 0 0, L_0x7f8abde03e20;  1 drivers
L_0x7f8abde03d00 .concat8 [ 1 1 0 0], L_0x7f8abde03c90, L_0x7f8abde03e20;
S_0x7f8abde00c60 .scope module, "premux" "TwoWayDecoder" 2 121, 2 146 0, S_0x7f8abdd37150;
 .timescale 0 0;
    .port_info 0 /INPUT 1 "A";
    .port_info 1 /INPUT 1 "S";
    .port_info 2 /OUTPUT 2 "F";
L_0x7f8abde02420 .functor NOT 1, L_0x7f8abde027d0, C4<0>, C4<0>, C4<0>;
L_0x7f8abde02490 .functor AND 1, L_0x106806008, L_0x7f8abde02420, C4<1>, C4<1>;
L_0x7f8abde026e0 .functor AND 1, L_0x106806008, L_0x7f8abde027d0, C4<1>, C4<1>;
v0x7f8abde00eb0_0 .net "A", 0 0, L_0x106806008;  alias, 1 drivers
v0x7f8abde00f60_0 .net "F", 1 0, L_0x7f8abde025c0;  alias, 1 drivers
v0x7f8abde01010_0 .net "S", 0 0, L_0x7f8abde027d0;  1 drivers
v0x7f8abde010c0_0 .net "Sn", 0 0, L_0x7f8abde02420;  1 drivers
v0x7f8abde01160_0 .net *"_ivl_2", 0 0, L_0x7f8abde02490;  1 drivers
v0x7f8abde01250_0 .net *"_ivl_5", 0 0, L_0x7f8abde026e0;  1 drivers
L_0x7f8abde025c0 .concat8 [ 1 1 0 0], L_0x7f8abde02490, L_0x7f8abde026e0;
    .scope S_0x7f8abdd26e70;
T_0 ;
    %wait E_0x7f8abdd140d0;
    %load/vec4 v0x7f8abdd36100_0;
    %cmpi/e 1, 0, 1;
    %jmp/0xz  T_0.0, 4;
    %pushi/vec4 0, 0, 1;
    %assign/vec4 v0x7f8abdd35fb0_0, 0;
    %jmp T_0.1;
T_0.0 ;
    %load/vec4 v0x7f8abdd15d50_0;
    %assign/vec4 v0x7f8abdd35fb0_0, 0;
T_0.1 ;
    %jmp T_0;
    .thread T_0;
    .scope S_0x7f8abdd36200;
T_1 ;
    %wait E_0x7f8abdd36430;
    %load/vec4 v0x7f8abdd36670_0;
    %cmpi/e 1, 0, 1;
    %jmp/0xz  T_1.0, 4;
    %pushi/vec4 0, 0, 1;
    %assign/vec4 v0x7f8abdd36520_0, 0;
    %jmp T_1.1;
T_1.0 ;
    %load/vec4 v0x7f8abdd36470_0;
    %assign/vec4 v0x7f8abdd36520_0, 0;
T_1.1 ;
    %jmp T_1;
    .thread T_1;
    .scope S_0x7f8abdd36770;
T_2 ;
    %wait E_0x7f8abdd369b0;
    %load/vec4 v0x7f8abdd36bf0_0;
    %cmpi/e 1, 0, 1;
    %jmp/0xz  T_2.0, 4;
    %pushi/vec4 0, 0, 1;
    %assign/vec4 v0x7f8abdd36aa0_0, 0;
    %jmp T_2.1;
T_2.0 ;
    %load/vec4 v0x7f8abdd369f0_0;
    %assign/vec4 v0x7f8abdd36aa0_0, 0;
T_2.1 ;
    %jmp T_2;
    .thread T_2;
    .scope S_0x7f8abdd22df0;
T_3 ;
    %wait E_0x7f8abdd134e0;
    %pushi/vec4 0, 0, 3;
    %store/vec4 v0x7f8abde01c70_0, 0, 3;
    %jmp T_3;
    .thread T_3, $push;
    .scope S_0x7f8abdd22df0;
T_4 ;
    %wait E_0x7f8abdd131f0;
    %load/vec4 v0x7f8abde019d0_0;
    %dup/vec4;
    %pushi/vec4 0, 0, 8;
    %cmp/u;
    %jmp/1 T_4.0, 6;
    %dup/vec4;
    %pushi/vec4 1, 0, 8;
    %cmp/u;
    %jmp/1 T_4.1, 6;
    %dup/vec4;
    %pushi/vec4 2, 0, 8;
    %cmp/u;
    %jmp/1 T_4.2, 6;
    %dup/vec4;
    %pushi/vec4 4, 0, 8;
    %cmp/u;
    %jmp/1 T_4.3, 6;
    %dup/vec4;
    %pushi/vec4 8, 0, 8;
    %cmp/u;
    %jmp/1 T_4.4, 6;
    %dup/vec4;
    %pushi/vec4 16, 0, 8;
    %cmp/u;
    %jmp/1 T_4.5, 6;
    %pushi/vec4 0, 0, 3;
    %store/vec4 v0x7f8abde01c70_0, 0, 3;
    %jmp T_4.7;
T_4.0 ;
    %pushi/vec4 0, 0, 3;
    %store/vec4 v0x7f8abde01c70_0, 0, 3;
    %jmp T_4.7;
T_4.1 ;
    %pushi/vec4 1, 0, 3;
    %store/vec4 v0x7f8abde01c70_0, 0, 3;
    %jmp T_4.7;
T_4.2 ;
    %pushi/vec4 3, 0, 3;
    %store/vec4 v0x7f8abde01c70_0, 0, 3;
    %jmp T_4.7;
T_4.3 ;
    %pushi/vec4 5, 0, 3;
    %store/vec4 v0x7f8abde01c70_0, 0, 3;
    %jmp T_4.7;
T_4.4 ;
    %pushi/vec4 7, 0, 3;
    %store/vec4 v0x7f8abde01c70_0, 0, 3;
    %jmp T_4.7;
T_4.5 ;
    %pushi/vec4 2, 0, 3;
    %store/vec4 v0x7f8abde01c70_0, 0, 3;
    %jmp T_4.7;
T_4.7 ;
    %pop/vec4 1;
    %jmp T_4;
    .thread T_4;
    .scope S_0x7f8abdd1e7f0;
T_5 ;
    %delay 10, 0;
    %pushi/vec4 1, 0, 1;
    %store/vec4 v0x7f8abde01ea0_0, 0, 1;
    %delay 10, 0;
    %pushi/vec4 0, 0, 1;
    %store/vec4 v0x7f8abde01ea0_0, 0, 1;
    %pushi/vec4 1, 0, 1;
    %store/vec4 v0x7f8abde01f30_0, 0, 1;
    %pushi/vec4 0, 0, 32;
    %store/vec4 v0x7f8abde02000_0, 0, 32;
T_5.0 ;
    %load/vec4 v0x7f8abde02000_0;
    %cmpi/s 256, 0, 32;
    %jmp/0xz T_5.1, 5;
    %delay 10, 0;
    %pushi/vec4 0, 0, 1;
    %store/vec4 v0x7f8abde01de0_0, 0, 1;
    %delay 10, 0;
    %pushi/vec4 1, 0, 1;
    %store/vec4 v0x7f8abde01de0_0, 0, 1;
    %load/vec4 v0x7f8abde02000_0;
    %addi 1, 0, 32;
    %store/vec4 v0x7f8abde02000_0, 0, 32;
    %jmp T_5.0;
T_5.1 ;
    %end;
    .thread T_5;
    .scope S_0x7f8abdd1e7f0;
T_6 ;
    %vpi_call 2 30 "$monitor", "res=%b clr=%b en=%b clk=%b", v0x7f8abde02090_0, v0x7f8abde01ea0_0, v0x7f8abde01f30_0, v0x7f8abde01de0_0 {0 0 0};
    %end;
    .thread T_6;
# The file index is used to find the file name in the following table.
:file_names 3;
    "N/A";
    "<interactive>";
    "fsm.sv";
